#
# There is insufficient memory for the Java Runtime Environment to continue.
# Native memory allocation (malloc) failed to allocate 32744 bytes for ChunkPool::allocate
# Possible reasons:
#   The system is out of physical RAM or swap space
#   In 32 bit mode, the process size limit was hit
# Possible solutions:
#   Reduce memory load on the system
#   Increase physical memory or swap space
#   Check if swap backing store is full
#   Use 64 bit Java on a 64 bit OS
#   Decrease Java heap size (-Xmx/-Xms)
#   Decrease number of Java threads
#   Decrease Java thread stack sizes (-Xss)
#   Set larger code cache with -XX:ReservedCodeCacheSize=
# This output file may be truncated or incomplete.
#
#  Out of Memory Error (allocation.cpp:273), pid=10184, tid=0x0000000000002004
#
# JRE version: Java(TM) SE Runtime Environment (8.0_181-b13) (build 1.8.0_181-b13)
# Java VM: Java HotSpot(TM) 64-Bit Server VM (25.181-b13 mixed mode windows-amd64 compressed oops)
# Failed to write core dump. Minidumps are not enabled by default on client versions of Windows
#

---------------  T H R E A D  ---------------

Current thread (0x00000000177b6000):  JavaThread "C1 CompilerThread2" daemon [_thread_in_native, id=8196, stack(0x0000000018ff0000,0x00000000190f0000)]

Stack: [0x0000000018ff0000,0x00000000190f0000]
[error occurred during error reporting (printing stack bounds), id 0xc0000005]

Native frames: (J=compiled Java code, j=interpreted, Vv=VM code, C=native code)


Current CompileTask:
C1:3398682 3082   !   3       org.seleniumhq.jetty9.servlet.ServletHandler::doHandle (915 bytes)


---------------  P R O C E S S  ---------------

Java Threads: ( => current thread )
  0x000000001984a000 JavaThread "qtp1773206895-28" [_thread_blocked, id=12192, stack(0x000000001b870000,0x000000001b970000)]
  0x000000001984e800 JavaThread "qtp1773206895-27" [_thread_blocked, id=12188, stack(0x000000001b770000,0x000000001b870000)]
  0x0000000019849800 JavaThread "RemoteProxy failure poller thread for http://192.168.1.7:5555" [_thread_blocked, id=5904, stack(0x000000001b530000,0x000000001b630000)]
  0x000000001984d000 JavaThread "RemoteProxy CleanUpThread for http://192.168.1.7:5555" [_thread_blocked, id=6736, stack(0x000000001b330000,0x000000001b430000)]
  0x00000000194b0800 JavaThread "Scheduler-1970881185" [_thread_blocked, id=10412, stack(0x000000001b130000,0x000000001b230000)]
  0x0000000002b61000 JavaThread "DestroyJavaVM" [_thread_blocked, id=6560, stack(0x0000000002a30000,0x0000000002b30000)]
  0x0000000019b7b800 JavaThread "org.seleniumhq.jetty9.server.session.HashSessionManager@10dba097Timer" daemon [_thread_blocked, id=8504, stack(0x000000001ae30000,0x000000001af30000)]
  0x0000000019ad8800 JavaThread "qtp1773206895-19" [_thread_blocked, id=5492, stack(0x000000001ac30000,0x000000001ad30000)]
  0x0000000019a5b000 JavaThread "qtp1773206895-18" [_thread_blocked, id=9236, stack(0x000000001ab30000,0x000000001ac30000)]
  0x0000000019ae1800 JavaThread "qtp1773206895-17" [_thread_blocked, id=9648, stack(0x000000001aa30000,0x000000001ab30000)]
  0x0000000019ae0800 JavaThread "qtp1773206895-15-acceptor-0@5aff98a-ServerConnector@aecb35a{HTTP/1.1}{0.0.0.0:4444}" [_thread_in_native, id=4720, stack(0x000000001a830000,0x000000001a930000)]
  0x00000000199b6800 JavaThread "qtp1773206895-14-selector-ServerConnectorManager@5e7b4760/0" [_thread_in_native, id=7076, stack(0x000000001a730000,0x000000001a830000)]
  0x0000000019acf800 JavaThread "qtp1773206895-13-selector-ServerConnectorManager@5e7b4760/1" [_thread_in_native, id=10128, stack(0x000000001a630000,0x000000001a730000)]
  0x0000000019b31000 JavaThread "Matcher thread" [_thread_blocked, id=7444, stack(0x000000001a430000,0x000000001a530000)]
  0x0000000019110800 JavaThread "Service Thread" daemon [_thread_blocked, id=2728, stack(0x00000000194f0000,0x00000000195f0000)]
=>0x00000000177b6000 JavaThread "C1 CompilerThread2" daemon [_thread_in_native, id=8196, stack(0x0000000018ff0000,0x00000000190f0000)]
  0x00000000177b3000 JavaThread "C2 CompilerThread1" daemon [_thread_blocked, id=5160, stack(0x0000000018ef0000,0x0000000018ff0000)]
  0x00000000177ac800 JavaThread "C2 CompilerThread0" daemon [_thread_blocked, id=5480, stack(0x0000000018df0000,0x0000000018ef0000)]
  0x00000000177ab000 JavaThread "Attach Listener" daemon [_thread_blocked, id=5872, stack(0x0000000018cf0000,0x0000000018df0000)]
  0x00000000177a9800 JavaThread "Signal Dispatcher" daemon [_thread_blocked, id=3868, stack(0x0000000018bf0000,0x0000000018cf0000)]
  0x000000001779a800 JavaThread "Finalizer" daemon [_thread_blocked, id=6080, stack(0x0000000018a00000,0x0000000018b00000)]
  0x0000000002c4f800 JavaThread "Reference Handler" daemon [_thread_blocked, id=8724, stack(0x0000000018900000,0x0000000018a00000)]

Other Threads:
  0x0000000017778000 VMThread [stack: 0x0000000018800000,0x0000000018900000] [id=9360]
  0x0000000019132000 WatcherThread [stack: 0x00000000195f0000,0x00000000196f0000] [id=5052]

VM state:not at safepoint (normal execution)

VM Mutex/Monitor currently owned by a thread: None

Heap:
 PSYoungGen      total 37888K, used 9184K [0x00000000d5d80000, 0x00000000d8e80000, 0x0000000100000000)
  eden space 32768K, 12% used [0x00000000d5d80000,0x00000000d617c148,0x00000000d7d80000)
  from space 5120K, 99% used [0x00000000d7e00000,0x00000000d82fc0a0,0x00000000d8300000)
  to   space 8704K, 0% used [0x00000000d8600000,0x00000000d8600000,0x00000000d8e80000)
 ParOldGen       total 87552K, used 4387K [0x0000000081800000, 0x0000000086d80000, 0x00000000d5d80000)
  object space 87552K, 5% used [0x0000000081800000,0x0000000081c48f00,0x0000000086d80000)
 Metaspace       used 15973K, capacity 16244K, committed 16640K, reserved 1064960K
  class space    used 1829K, capacity 1932K, committed 2048K, reserved 1048576K

Card table byte_map: [0x0000000012020000,0x0000000012420000] byte_map_base: 0x0000000011c14000

Marking Bits: (ParMarkBitMap*) 0x000000006f4c2d00
 Begin Bits: [0x0000000012ad0000, 0x0000000014a70000)
 End Bits:   [0x0000000014a70000, 0x0000000016a10000)

Polling page: 0x00000000007f0000

CodeCache: size=245760Kb used=10440Kb max_used=10440Kb free=235319Kb
 bounds [0x0000000002c60000, 0x00000000036a0000, 0x0000000011c60000]
 total_blobs=3214 nmethods=2838 adapters=288
 compilation: enabled

Compilation events (10 events):
Event: 3382.952 Thread 0x00000000177ac800 nmethod 3077 0x0000000003691190 code [0x00000000036912e0, 0x0000000003691388]
Event: 3397.736 Thread 0x00000000177b6000 3078       3       org.seleniumhq.jetty9.http.PathMap::pathInfo (85 bytes)
Event: 3397.736 Thread 0x00000000177b6000 nmethod 3078 0x0000000003697610 code [0x0000000003697800, 0x0000000003698328]
Event: 3397.736 Thread 0x00000000177b6000 3079   !   3       org.seleniumhq.jetty9.server.handler.ContextHandler::doHandle (637 bytes)
Event: 3397.738 Thread 0x00000000177b6000 nmethod 3079 0x00000000036986d0 code [0x0000000003698c60, 0x000000000369c418]
Event: 3397.738 Thread 0x00000000177b6000 3080       3       org.seleniumhq.jetty9.server.Request::takeNewContext (12 bytes)
Event: 3397.738 Thread 0x00000000177b6000 nmethod 3080 0x00000000036972d0 code [0x0000000003697420, 0x0000000003697570]
Event: 3397.738 Thread 0x00000000177b6000 3081       3       org.seleniumhq.jetty9.server.handler.ContextHandler::isProtectedTarget (118 bytes)
Event: 3397.739 Thread 0x00000000177b6000 nmethod 3081 0x0000000003694350 code [0x0000000003694560, 0x00000000036950f8]
Event: 3397.739 Thread 0x00000000177b6000 3082   !   3       org.seleniumhq.jetty9.servlet.ServletHandler::doHandle (915 bytes)

GC Heap History (10 events):
Event: 13.593 GC heap before
{Heap before GC invocations=1 (full 0):
 PSYoungGen      total 38400K, used 33280K [0x00000000d5d80000, 0x00000000d8800000, 0x0000000100000000)
  eden space 33280K, 100% used [0x00000000d5d80000,0x00000000d7e00000,0x00000000d7e00000)
  from space 5120K, 0% used [0x00000000d8300000,0x00000000d8300000,0x00000000d8800000)
  to   space 5120K, 0% used [0x00000000d7e00000,0x00000000d7e00000,0x00000000d8300000)
 ParOldGen       total 87552K, used 0K [0x0000000081800000, 0x0000000086d80000, 0x00000000d5d80000)
  object space 87552K, 0% used [0x0000000081800000,0x0000000081800000,0x0000000086d80000)
 Metaspace       used 12302K, capacity 12564K, committed 12928K, reserved 1060864K
  class space    used 1490K, capacity 1580K, committed 1664K, reserved 1048576K
Event: 13.623 GC heap after
Heap after GC invocations=1 (full 0):
 PSYoungGen      total 38400K, used 5107K [0x00000000d5d80000, 0x00000000d8800000, 0x0000000100000000)
  eden space 33280K, 0% used [0x00000000d5d80000,0x00000000d5d80000,0x00000000d7e00000)
  from space 5120K, 99% used [0x00000000d7e00000,0x00000000d82fcc20,0x00000000d8300000)
  to   space 5120K, 0% used [0x00000000d8300000,0x00000000d8300000,0x00000000d8800000)
 ParOldGen       total 87552K, used 2628K [0x0000000081800000, 0x0000000086d80000, 0x00000000d5d80000)
  object space 87552K, 3% used [0x0000000081800000,0x0000000081a913e0,0x0000000086d80000)
 Metaspace       used 12302K, capacity 12564K, committed 12928K, reserved 1060864K
  class space    used 1490K, capacity 1580K, committed 1664K, reserved 1048576K
}
Event: 558.569 GC heap before
{Heap before GC invocations=2 (full 0):
 PSYoungGen      total 38400K, used 38387K [0x00000000d5d80000, 0x00000000d8800000, 0x0000000100000000)
  eden space 33280K, 100% used [0x00000000d5d80000,0x00000000d7e00000,0x00000000d7e00000)
  from space 5120K, 99% used [0x00000000d7e00000,0x00000000d82fcc20,0x00000000d8300000)
  to   space 5120K, 0% used [0x00000000d8300000,0x00000000d8300000,0x00000000d8800000)
 ParOldGen       total 87552K, used 2628K [0x0000000081800000, 0x0000000086d80000, 0x00000000d5d80000)
  object space 87552K, 3% used [0x0000000081800000,0x0000000081a913e0,0x0000000086d80000)
 Metaspace       used 15152K, capacity 15380K, committed 15488K, reserved 1062912K
  class space    used 1827K, capacity 1900K, committed 1920K, reserved 1048576K
Event: 558.578 GC heap after
Heap after GC invocations=2 (full 0):
 PSYoungGen      total 38400K, used 5089K [0x00000000d5d80000, 0x00000000d8800000, 0x0000000100000000)
  eden space 33280K, 0% used [0x00000000d5d80000,0x00000000d5d80000,0x00000000d7e00000)
  from space 5120K, 99% used [0x00000000d8300000,0x00000000d87f8670,0x00000000d8800000)
  to   space 5120K, 0% used [0x00000000d7e00000,0x00000000d7e00000,0x00000000d8300000)
 ParOldGen       total 87552K, used 4171K [0x0000000081800000, 0x0000000086d80000, 0x00000000d5d80000)
  object space 87552K, 4% used [0x0000000081800000,0x0000000081c12f00,0x0000000086d80000)
 Metaspace       used 15152K, capacity 15380K, committed 15488K, reserved 1062912K
  class space    used 1827K, capacity 1900K, committed 1920K, reserved 1048576K
}
Event: 1381.075 GC heap before
{Heap before GC invocations=3 (full 0):
 PSYoungGen      total 38400K, used 38369K [0x00000000d5d80000, 0x00000000d8800000, 0x0000000100000000)
  eden space 33280K, 100% used [0x00000000d5d80000,0x00000000d7e00000,0x00000000d7e00000)
  from space 5120K, 99% used [0x00000000d8300000,0x00000000d87f8670,0x00000000d8800000)
  to   space 5120K, 0% used [0x00000000d7e00000,0x00000000d7e00000,0x00000000d8300000)
 ParOldGen       total 87552K, used 4171K [0x0000000081800000, 0x0000000086d80000, 0x00000000d5d80000)
  object space 87552K, 4% used [0x0000000081800000,0x0000000081c12f00,0x0000000086d80000)
 Metaspace       used 15528K, capacity 15700K, committed 16000K, reserved 1062912K
  class space    used 1828K, capacity 1900K, committed 1920K, reserved 1048576K
Event: 1381.080 GC heap after
Heap after GC invocations=3 (full 0):
 PSYoungGen      total 38400K, used 5104K [0x00000000d5d80000, 0x00000000d8800000, 0x0000000100000000)
  eden space 33280K, 0% used [0x00000000d5d80000,0x00000000d5d80000,0x00000000d7e00000)
  from space 5120K, 99% used [0x00000000d7e00000,0x00000000d82fc0a0,0x00000000d8300000)
  to   space 5120K, 0% used [0x00000000d8300000,0x00000000d8300000,0x00000000d8800000)
 ParOldGen       total 87552K, used 4291K [0x0000000081800000, 0x0000000086d80000, 0x00000000d5d80000)
  object space 87552K, 4% used [0x0000000081800000,0x0000000081c30f00,0x0000000086d80000)
 Metaspace       used 15528K, capacity 15700K, committed 16000K, reserved 1062912K
  class space    used 1828K, capacity 1900K, committed 1920K, reserved 1048576K
}
Event: 2343.685 GC heap before
{Heap before GC invocations=4 (full 0):
 PSYoungGen      total 38400K, used 38384K [0x00000000d5d80000, 0x00000000d8800000, 0x0000000100000000)
  eden space 33280K, 100% used [0x00000000d5d80000,0x00000000d7e00000,0x00000000d7e00000)
  from space 5120K, 99% used [0x00000000d7e00000,0x00000000d82fc0a0,0x00000000d8300000)
  to   space 5120K, 0% used [0x00000000d8300000,0x00000000d8300000,0x00000000d8800000)
 ParOldGen       total 87552K, used 4291K [0x0000000081800000, 0x0000000086d80000, 0x00000000d5d80000)
  object space 87552K, 4% used [0x0000000081800000,0x0000000081c30f00,0x0000000086d80000)
 Metaspace       used 15862K, capacity 16116K, committed 16384K, reserved 1062912K
  class space    used 1829K, capacity 1932K, committed 2048K, reserved 1048576K
Event: 2343.690 GC heap after
Heap after GC invocations=4 (full 0):
 PSYoungGen      total 38400K, used 5104K [0x00000000d5d80000, 0x00000000d8800000, 0x0000000100000000)
  eden space 33280K, 0% used [0x00000000d5d80000,0x00000000d5d80000,0x00000000d7e00000)
  from space 5120K, 99% used [0x00000000d8300000,0x00000000d87fc0a0,0x00000000d8800000)
  to   space 5120K, 0% used [0x00000000d7e00000,0x00000000d7e00000,0x00000000d8300000)
 ParOldGen       total 87552K, used 4379K [0x0000000081800000, 0x0000000086d80000, 0x00000000d5d80000)
  object space 87552K, 5% used [0x0000000081800000,0x0000000081c46f00,0x0000000086d80000)
 Metaspace       used 15862K, capacity 16116K, committed 16384K, reserved 1062912K
  class space    used 1829K, capacity 1932K, committed 2048K, reserved 1048576K
}
Event: 3297.152 GC heap before
{Heap before GC invocations=5 (full 0):
 PSYoungGen      total 38400K, used 38384K [0x00000000d5d80000, 0x00000000d8800000, 0x0000000100000000)
  eden space 33280K, 100% used [0x00000000d5d80000,0x00000000d7e00000,0x00000000d7e00000)
  from space 5120K, 99% used [0x00000000d8300000,0x00000000d87fc0a0,0x00000000d8800000)
  to   space 5120K, 0% used [0x00000000d7e00000,0x00000000d7e00000,0x00000000d8300000)
 ParOldGen       total 87552K, used 4379K [0x0000000081800000, 0x0000000086d80000, 0x00000000d5d80000)
  object space 87552K, 5% used [0x0000000081800000,0x0000000081c46f00,0x0000000086d80000)
 Metaspace       used 15962K, capacity 16244K, committed 16640K, reserved 1064960K
  class space    used 1829K, capacity 1932K, committed 2048K, reserved 1048576K
Event: 3297.158 GC heap after
Heap after GC invocations=5 (full 0):
 PSYoungGen      total 37888K, used 5104K [0x00000000d5d80000, 0x00000000d8e80000, 0x0000000100000000)
  eden space 32768K, 0% used [0x00000000d5d80000,0x00000000d5d80000,0x00000000d7d80000)
  from space 5120K, 99% used [0x00000000d7e00000,0x00000000d82fc0a0,0x00000000d8300000)
  to   space 8704K, 0% used [0x00000000d8600000,0x00000000d8600000,0x00000000d8e80000)
 ParOldGen       total 87552K, used 4387K [0x0000000081800000, 0x0000000086d80000, 0x00000000d5d80000)
  object space 87552K, 5% used [0x0000000081800000,0x0000000081c48f00,0x0000000086d80000)
 Metaspace       used 15962K, capacity 16244K, committed 16640K, reserved 1064960K
  class space    used 1829K, capacity 1932K, committed 2048K, reserved 1048576K
}

Deoptimization events (10 events):
Event: 73.212 Thread 0x0000000019ae1000 Uncommon trap: reason=unstable_if action=reinterpret pc=0x0000000002f5f098 method=java.util.concurrent.ConcurrentHashMap.addCount(JI)V @ 121
Event: 149.239 Thread 0x0000000019ae1800 Uncommon trap: reason=class_check action=maybe_recompile pc=0x0000000002f1f874 method=java.util.HashMap.putVal(ILjava/lang/Object;Ljava/lang/Object;ZZ)Ljava/lang/Object; @ 203
Event: 154.283 Thread 0x0000000019849800 Uncommon trap: reason=predicate action=maybe_recompile pc=0x0000000003009b88 method=sun.net.www.ParseUtil.encodePath(Ljava/lang/String;Z)Ljava/lang/String; @ 36
Event: 398.387 Thread 0x0000000019a5b000 Uncommon trap: reason=unstable_if action=reinterpret pc=0x00000000030ecb8c method=com.google.gson.stream.JsonWriter.string(Ljava/lang/String;)V @ 143
Event: 438.753 Thread 0x0000000019ad8800 Uncommon trap: reason=class_check action=maybe_recompile pc=0x0000000002f290c4 method=java.util.regex.Matcher.search(I)Z @ 86
Event: 438.753 Thread 0x0000000019ae1800 Uncommon trap: reason=class_check action=maybe_recompile pc=0x0000000002f290c4 method=java.util.regex.Matcher.search(I)Z @ 86
Event: 438.753 Thread 0x0000000019a5b000 Uncommon trap: reason=class_check action=maybe_recompile pc=0x0000000002f290c4 method=java.util.regex.Matcher.search(I)Z @ 86
Event: 438.754 Thread 0x0000000019ae1000 Uncommon trap: reason=class_check action=maybe_recompile pc=0x0000000002f290c4 method=java.util.regex.Matcher.search(I)Z @ 86
Event: 438.861 Thread 0x0000000019ae1000 Uncommon trap: reason=unstable_if action=reinterpret pc=0x00000000030203d4 method=sun.net.www.ParseUtil.encodePath(Ljava/lang/String;Z)Ljava/lang/String; @ 109
Event: 723.692 Thread 0x0000000019ad8800 Uncommon trap: reason=null_check action=make_not_entrant pc=0x000000000339c4f4 method=com.google.gson.JsonPrimitive.isPrimitiveOrString(Ljava/lang/Object;)Z @ 39

Classes redefined (0 events):
No events

Internal exceptions (10 events):
Event: 429.730 Thread 0x0000000019a5b000 Exception <a 'java/net/SocketTimeoutException': Read timed out> (0x00000000d765a438) thrown at [C:\re\workspace\8-2-build-windows-amd64-cygwin\jdk8u181\11358\hotspot\src\share\vm\prims\jni.cpp, line 735]
Event: 429.754 Thread 0x0000000019ad9000 Exception <a 'java/net/SocketTimeoutException': Read timed out> (0x00000000d770c038) thrown at [C:\re\workspace\8-2-build-windows-amd64-cygwin\jdk8u181\11358\hotspot\src\share\vm\prims\jni.cpp, line 735]
Event: 429.809 Thread 0x0000000019ae1800 Exception <a 'java/net/SocketTimeoutException': Read timed out> (0x00000000d74c7098) thrown at [C:\re\workspace\8-2-build-windows-amd64-cygwin\jdk8u181\11358\hotspot\src\share\vm\prims\jni.cpp, line 735]
Event: 429.839 Thread 0x0000000019ad8800 Exception <a 'java/net/SocketTimeoutException': Read timed out> (0x00000000d75620b0) thrown at [C:\re\workspace\8-2-build-windows-amd64-cygwin\jdk8u181\11358\hotspot\src\share\vm\prims\jni.cpp, line 735]
Event: 429.905 Thread 0x0000000019ae1000 Exception <a 'java/net/SocketTimeoutException': Read timed out> (0x00000000d77a5f58) thrown at [C:\re\workspace\8-2-build-windows-amd64-cygwin\jdk8u181\11358\hotspot\src\share\vm\prims\jni.cpp, line 735]
Event: 429.928 Thread 0x0000000019a5b000 Exception <a 'java/net/SocketTimeoutException': Read timed out> (0x00000000d766e020) thrown at [C:\re\workspace\8-2-build-windows-amd64-cygwin\jdk8u181\11358\hotspot\src\share\vm\prims\jni.cpp, line 735]
Event: 430.202 Thread 0x0000000019ad9000 Exception <a 'java/net/SocketTimeoutException': Read timed out> (0x00000000d771fd18) thrown at [C:\re\workspace\8-2-build-windows-amd64-cygwin\jdk8u181\11358\hotspot\src\share\vm\prims\jni.cpp, line 735]
Event: 430.231 Thread 0x0000000019ae1800 Exception <a 'java/net/SocketTimeoutException': Read timed out> (0x00000000d74dac80) thrown at [C:\re\workspace\8-2-build-windows-amd64-cygwin\jdk8u181\11358\hotspot\src\share\vm\prims\jni.cpp, line 735]
Event: 430.824 Thread 0x0000000019ad8800 Exception <a 'java/io/IOException'> (0x00000000d7567120) thrown at [C:\re\workspace\8-2-build-windows-amd64-cygwin\jdk8u181\11358\hotspot\src\share\vm\prims\jni.cpp, line 709]
Event: 553.822 Thread 0x0000000019a5b000 Exception <a 'java/io/IOException'> (0x00000000d7d4d9b8) thrown at [C:\re\workspace\8-2-build-windows-amd64-cygwin\jdk8u181\11358\hotspot\src\share\vm\prims\jni.cpp, line 709]

Events (10 events):
Event: 2670.000 Thread 0x00000000177ac800 flushing nmethod 0x000000000304ff90
Event: 2670.000 Thread 0x00000000177ac800 flushing nmethod 0x000000000305af10
Event: 2670.000 Thread 0x00000000177ac800 flushing nmethod 0x0000000003061390
Event: 2670.000 Thread 0x00000000177ac800 flushing nmethod 0x0000000003062010
Event: 2670.000 Thread 0x00000000177ac800 flushing nmethod 0x0000000003076d90
Event: 2670.000 Thread 0x00000000177ac800 flushing nmethod 0x00000000030818d0
Event: 2670.000 Thread 0x00000000177ac800 flushing nmethod 0x0000000003083a90
Event: 2715.143 Thread 0x00000000177b6000 flushing nmethod 0x00000000030c0810
Event: 3297.152 Executing VM operation: ParallelGCFailedAllocation
Event: 3297.158 Executing VM operation: ParallelGCFailedAllocation done


Dynamic libraries:
0x00007ff7dd830000 - 0x00007ff7dd867000 	C:\Program Files (x86)\Common Files\Oracle\Java\javapath\java.exe
0x00007ffd5c4c0000 - 0x00007ffd5c6a1000 	C:\Windows\SYSTEM32\ntdll.dll
0x00007ffd5c320000 - 0x00007ffd5c3d1000 	C:\Windows\System32\KERNEL32.DLL
0x00007ffd596d0000 - 0x00007ffd59943000 	C:\Windows\System32\KERNELBASE.dll
0x00007ffd5c3e0000 - 0x00007ffd5c481000 	C:\Windows\System32\ADVAPI32.dll
0x00007ffd5b6a0000 - 0x00007ffd5b73e000 	C:\Windows\System32\msvcrt.dll
0x00007ffd5c0e0000 - 0x00007ffd5c13b000 	C:\Windows\System32\sechost.dll
0x00007ffd5bf00000 - 0x00007ffd5c024000 	C:\Windows\System32\RPCRT4.dll
0x00007ffd5c150000 - 0x00007ffd5c2e0000 	C:\Windows\System32\USER32.dll
0x00007ffd596b0000 - 0x00007ffd596d0000 	C:\Windows\System32\win32u.dll
0x00007ffd5bb60000 - 0x00007ffd5bb88000 	C:\Windows\System32\GDI32.dll
0x00007ffd59150000 - 0x00007ffd592e1000 	C:\Windows\System32\gdi32full.dll
0x00007ffd59560000 - 0x00007ffd595ff000 	C:\Windows\System32\msvcp_win.dll
0x00007ffd58fa0000 - 0x00007ffd59098000 	C:\Windows\System32\ucrtbase.dll
0x00007ffd47490000 - 0x00007ffd476f9000 	C:\Windows\WinSxS\amd64_microsoft.windows.common-controls_6595b64144ccf1df_6.0.17134.950_none_fb3da4273069d3e0\COMCTL32.dll
0x00007ffd5b830000 - 0x00007ffd5bb52000 	C:\Windows\System32\combase.dll
0x00007ffd594e0000 - 0x00007ffd59559000 	C:\Windows\System32\bcryptPrimitives.dll
0x00007ffd5c2f0000 - 0x00007ffd5c31d000 	C:\Windows\System32\IMM32.DLL
0x000000006fad0000 - 0x000000006fba2000 	C:\Program Files\Java\jre1.8.0_181\bin\msvcr100.dll
0x000000006eca0000 - 0x000000006f542000 	C:\Program Files\Java\jre1.8.0_181\bin\server\jvm.dll
0x00007ffd5c140000 - 0x00007ffd5c148000 	C:\Windows\System32\PSAPI.DLL
0x00007ffd502f0000 - 0x00007ffd502f9000 	C:\Windows\SYSTEM32\WSOCK32.dll
0x00007ffd5be90000 - 0x00007ffd5befc000 	C:\Windows\System32\WS2_32.dll
0x00007ffd56a10000 - 0x00007ffd56a33000 	C:\Windows\SYSTEM32\WINMM.dll
0x00007ffd4f5b0000 - 0x00007ffd4f5ba000 	C:\Windows\SYSTEM32\VERSION.dll
0x00007ffd56900000 - 0x00007ffd5692a000 	C:\Windows\SYSTEM32\WINMMBASE.dll
0x00007ffd59660000 - 0x00007ffd596a9000 	C:\Windows\System32\cfgmgr32.dll
0x000000006fac0000 - 0x000000006facf000 	C:\Program Files\Java\jre1.8.0_181\bin\verify.dll
0x000000006fa90000 - 0x000000006fab9000 	C:\Program Files\Java\jre1.8.0_181\bin\java.dll
0x000000006fa70000 - 0x000000006fa86000 	C:\Program Files\Java\jre1.8.0_181\bin\zip.dll
0x00007ffd59f30000 - 0x00007ffd5b370000 	C:\Windows\System32\SHELL32.dll
0x00007ffd5c030000 - 0x00007ffd5c0d9000 	C:\Windows\System32\shcore.dll
0x00007ffd58890000 - 0x00007ffd58f9d000 	C:\Windows\System32\windows.storage.dll
0x00007ffd5b640000 - 0x00007ffd5b691000 	C:\Windows\System32\shlwapi.dll
0x00007ffd58850000 - 0x00007ffd58861000 	C:\Windows\System32\kernel.appcore.dll
0x00007ffd58830000 - 0x00007ffd5884f000 	C:\Windows\System32\profapi.dll
0x00007ffd587e0000 - 0x00007ffd5882c000 	C:\Windows\System32\powrprof.dll
0x00007ffd587d0000 - 0x00007ffd587da000 	C:\Windows\System32\FLTLIB.DLL
0x000000006f790000 - 0x000000006f7b4000 	C:\Program Files\Java\jre1.8.0_181\bin\sunec.dll
0x000000006fa50000 - 0x000000006fa6a000 	C:\Program Files\Java\jre1.8.0_181\bin\net.dll
0x00007ffd58050000 - 0x00007ffd580b6000 	C:\Windows\system32\mswsock.dll
0x00007ffd57da0000 - 0x00007ffd57dd8000 	C:\Windows\SYSTEM32\IPHLPAPI.DLL
0x00007ffd5b740000 - 0x00007ffd5b748000 	C:\Windows\System32\NSI.dll
0x00007ffd52110000 - 0x00007ffd52126000 	C:\Windows\SYSTEM32\dhcpcsvc6.DLL
0x00007ffd520f0000 - 0x00007ffd5210a000 	C:\Windows\SYSTEM32\dhcpcsvc.DLL
0x000000006fa30000 - 0x000000006fa41000 	C:\Program Files\Java\jre1.8.0_181\bin\nio.dll
0x00007ffd58200000 - 0x00007ffd58217000 	C:\Windows\SYSTEM32\CRYPTSP.dll
0x00007ffd57c00000 - 0x00007ffd57c33000 	C:\Windows\system32\rsaenh.dll
0x00007ffd58330000 - 0x00007ffd58355000 	C:\Windows\SYSTEM32\bcrypt.dll
0x00007ffd586d0000 - 0x00007ffd586f8000 	C:\Windows\SYSTEM32\USERENV.dll
0x00007ffd58220000 - 0x00007ffd5822b000 	C:\Windows\SYSTEM32\CRYPTBASE.dll
0x000000006f770000 - 0x000000006f77d000 	C:\Program Files\Java\jre1.8.0_181\bin\management.dll

VM Arguments:
java_command: selenium-server-standalone-2.53.0.jar -role hub
java_class_path (initial): selenium-server-standalone-2.53.0.jar
Launcher Type: SUN_STANDARD

Environment Variables:
PATH=C:\Program Files (x86)\Common Files\Oracle\Java\javapath;C:\Windows\system32;C:\Windows;C:\Windows\System32\Wbem;C:\Windows\System32\WindowsPowerShell\v1.0\;C:\Windows\System32\OpenSSH\;C:\Users\user\AppData\Local\Microsoft\WindowsApps;
USERNAME=user
OS=Windows_NT
PROCESSOR_IDENTIFIER=Intel64 Family 6 Model 58 Stepping 9, GenuineIntel



---------------  S Y S T E M  ---------------

OS: Windows 10.0 , 64 bit Build 17134 (10.0.17134.753)

CPU:total 4 (initial active 4) (4 cores per cpu, 1 threads per core) family 6 model 58 stepping 9, cmov, cx8, fxsr, mmx, sse, sse2, sse3, ssse3, sse4.1, sse4.2, popcnt, avx, aes, clmul, erms, tsc, tscinvbit, tscinv

Memory: 4k page, physical 8283044k(1352292k free), swap 33448868k(3580k free)

vm_info: Java HotSpot(TM) 64-Bit Server VM (25.181-b13) for windows-amd64 JRE (1.8.0_181-b13), built on Jul  7 2018 04:01:33 by "java_re" with MS VC++ 10.0 (VS2010)

time: Mon Sep 02 16:27:19 2019
elapsed time: 3397 seconds (0d 0h 56m 37s)

